Using pre-set license
Built from '2020.3/release' branch; Version is '2020.3.27f1 (e759542391ea) revision 15161684'; Using compiler version '192528614'; Build Type 'Release'
OS: 'Windows 10  (10.0.19044) 64bit Professional' Language: 'en' Physical Memory: 12173 MB
BatchMode: 1, IsHumanControllingUs: 0, StartBugReporterOnCrash: 0, Is64bit: 1, IsPro: 0

COMMAND LINE ARGUMENTS:
C:\Program Files\Unity 2020.3.27f1\Editor\Unity.exe
-adb2
-batchMode
-noUpm
-name
AssetImportWorker0
-projectPath
C:/Users/prais/Documents/Unity Projects/Match_3
-logFile
Logs/AssetImportWorker0.log
-srvPort
49377
Successfully changed project path to: C:/Users/prais/Documents/Unity Projects/Match_3
C:/Users/prais/Documents/Unity Projects/Match_3
Using Asset Import Pipeline V2.
Refreshing native plugins compatible for Editor in 90.97 ms, found 3 plugins.
Preloading 0 native plugins for Editor in 0.00 ms.
Initialize engine version: 2020.3.27f1 (e759542391ea)
[Subsystems] Discovering subsystems at path C:/Program Files/Unity 2020.3.27f1/Editor/Data/Resources/UnitySubsystems
[Subsystems] Discovering subsystems at path C:/Users/prais/Documents/Unity Projects/Match_3/Assets
GfxDevice: creating device client; threaded=0
Direct3D:
    Version:  Direct3D 11.0 [level 11.0]
    Renderer: NVIDIA GeForce GT 650M (ID=0xfd1)
    Vendor:   
    VRAM:     2007 MB
    Driver:   25.21.14.2531
Initialize mono
Mono path[0] = 'C:/Program Files/Unity 2020.3.27f1/Editor/Data/Managed'
Mono path[1] = 'C:/Program Files/Unity 2020.3.27f1/Editor/Data/MonoBleedingEdge/lib/mono/unityjit'
Mono config path = 'C:/Program Files/Unity 2020.3.27f1/Editor/Data/MonoBleedingEdge/etc'
Using monoOptions --debugger-agent=transport=dt_socket,embedding=1,server=y,suspend=n,address=127.0.0.1:56688
Begin MonoManager ReloadAssembly
Registering precompiled unity dll's ...
Register platform support module: C:/Program Files/Unity 2020.3.27f1/Editor/Data/PlaybackEngines/WindowsStandaloneSupport/UnityEditor.WindowsStandalone.Extensions.dll
Registered in 0.003229 seconds.
Native extension for WindowsStandalone target not found
Refreshing native plugins compatible for Editor in 76.89 ms, found 3 plugins.
Preloading 0 native plugins for Editor in 0.00 ms.
Mono: successfully reloaded assembly
- Completed reload, in  1.017 seconds
Domain Reload Profiling:
	ReloadAssembly (1017ms)
		BeginReloadAssembly (135ms)
			ExecutionOrderSort (0ms)
			DisableScriptedObjects (0ms)
			BackupInstance (0ms)
			ReleaseScriptingObjects (0ms)
			CreateAndSetChildDomain (2ms)
		EndReloadAssembly (756ms)
			LoadAssemblies (112ms)
			RebuildTransferFunctionScriptingTraits (0ms)
			SetupTypeCache (234ms)
			ReleaseScriptCaches (0ms)
			RebuildScriptCaches (54ms)
			SetupLoadedEditorAssemblies (306ms)
				LogAssemblyErrors (0ms)
				InitializePlatformSupportModulesInManaged (6ms)
				SetLoadedEditorAssemblies (0ms)
				RefreshPlugins (77ms)
				BeforeProcessingInitializeOnLoad (25ms)
				ProcessInitializeOnLoadAttributes (152ms)
				ProcessInitializeOnLoadMethodAttributes (45ms)
				AfterProcessingInitializeOnLoad (0ms)
				EditorAssembliesLoaded (0ms)
			ExecutionOrderSort2 (0ms)
			AwakeInstancesAfterBackupRestoration (0ms)
Platform modules already initialized, skipping
Registering precompiled user dll's ...
Registered in 0.008854 seconds.
Begin MonoManager ReloadAssembly
Native extension for WindowsStandalone target not found
Refreshing native plugins compatible for Editor in 82.43 ms, found 3 plugins.
Preloading 0 native plugins for Editor in 0.00 ms.
Mono: successfully reloaded assembly
- Completed reload, in  1.910 seconds
Domain Reload Profiling:
	ReloadAssembly (1912ms)
		BeginReloadAssembly (269ms)
			ExecutionOrderSort (0ms)
			DisableScriptedObjects (8ms)
			BackupInstance (0ms)
			ReleaseScriptingObjects (0ms)
			CreateAndSetChildDomain (26ms)
		EndReloadAssembly (1528ms)
			LoadAssemblies (165ms)
			RebuildTransferFunctionScriptingTraits (0ms)
			SetupTypeCache (502ms)
			ReleaseScriptCaches (1ms)
			RebuildScriptCaches (87ms)
			SetupLoadedEditorAssemblies (583ms)
				LogAssemblyErrors (0ms)
				InitializePlatformSupportModulesInManaged (7ms)
				SetLoadedEditorAssemblies (1ms)
				RefreshPlugins (83ms)
				BeforeProcessingInitializeOnLoad (142ms)
				ProcessInitializeOnLoadAttributes (312ms)
				ProcessInitializeOnLoadMethodAttributes (28ms)
				AfterProcessingInitializeOnLoad (11ms)
				EditorAssembliesLoaded (0ms)
			ExecutionOrderSort2 (0ms)
			AwakeInstancesAfterBackupRestoration (12ms)
Platform modules already initialized, skipping
========================================================================
Worker process is ready to serve import requests
Launched and connected shader compiler UnityShaderCompiler.exe after 0.06 seconds
Refreshing native plugins compatible for Editor in 0.65 ms, found 3 plugins.
Preloading 0 native plugins for Editor in 0.00 ms.
Unloading 2200 Unused Serialized files (Serialized files now loaded: 0)
System memory in use before: 96.0 MB.
System memory in use after: 95.9 MB.

Unloading 34 unused Assets to reduce memory usage. Loaded Objects now: 2627.
Total: 4.913100 ms (FindLiveObjects: 0.310000 ms CreateObjectMapping: 0.222800 ms MarkObjects: 4.174000 ms  DeleteObjects: 0.204500 ms)

AssetImportParameters requested are different than current active one (requested -> active):
  custom:framework-win-MediaFoundation: 216162199b28c13a410421893ffa2e32 -> 
  custom:video-decoder-ogg-theora: a1e56fd34408186e4bbccfd4996cb3dc -> 
  custom:container-muxer-webm: aa71ff27fc2769a1b78a27578f13a17b -> 
  custom:container-demuxer-webm: 4f35f7cbe854078d1ac9338744f61a02 -> 
  custom:container-demuxer-ogg: 62fdf1f143b41e24485cea50d1cbac27 -> 
  custom:video-encoder-webm-vp8: eb34c28f22e8b96e1ab97ce403110664 -> 
  custom:video-decoder-webm-vp8: 9c59270c3fd7afecdb556c50c9e8de78 -> 
  custom:audio-decoder-ogg-vorbis: bf7c407c2cedff20999df2af8eb42d56 -> 
  custom:audio-encoder-webm-vorbis: bf7c407c2cedff20999df2af8eb42d56 -> 
========================================================================
Received Import Request.
  path: Assets/Scripts/GamePiece.cs
  artifactKey: Guid(d3c2ef06757d09b49b41bc8d34c8bae3) Importer(815301076,1909f56bfc062723c751e8b465ee728b)
Start importing Assets/Scripts/GamePiece.cs using Guid(d3c2ef06757d09b49b41bc8d34c8bae3) Importer(815301076,1909f56bfc062723c751e8b465ee728b)  -> (artifact id: 'e3f4a6d316bf8002a65f541fe281bd34') in 1.242398 seconds 
  Import took 1.264334 seconds .

========================================================================
Received Import Request.
  Time since last request: 290.823466 seconds.
  path: Assets/Prefabs/Bright Blue Dot.prefab
  artifactKey: Guid(836f18b593a4ba2439ca2d531f0594fd) Importer(815301076,1909f56bfc062723c751e8b465ee728b)
Start importing Assets/Prefabs/Bright Blue Dot.prefab using Guid(836f18b593a4ba2439ca2d531f0594fd) Importer(815301076,1909f56bfc062723c751e8b465ee728b)  -> (artifact id: '14b2d309d18d0dc7f3647e3027449264') in 1.441520 seconds 
  Import took 1.789303 seconds .

========================================================================
Received Import Request.
  Time since last request: 0.000380 seconds.
  path: ProjectSettings/TagManager.asset
  artifactKey: Guid(00000000000000003000000000000000) Importer(815301076,1909f56bfc062723c751e8b465ee728b)
Start importing ProjectSettings/TagManager.asset using Guid(00000000000000003000000000000000) Importer(815301076,1909f56bfc062723c751e8b465ee728b)  -> (artifact id: '95df672b4aaba54310d34c83eef51bb8') in 0.055550 seconds 
  Import took 0.138190 seconds .

========================================================================
Received Import Request.
  Time since last request: 132.318152 seconds.
  path: Assets/Prefabs/Orange Dot.prefab
  artifactKey: Guid(894f3e89d3788604e9dbc69108bacd1b) Importer(815301076,1909f56bfc062723c751e8b465ee728b)
Start importing Assets/Prefabs/Orange Dot.prefab using Guid(894f3e89d3788604e9dbc69108bacd1b) Importer(815301076,1909f56bfc062723c751e8b465ee728b)  -> (artifact id: '6c39026b0511ee25714cd6f106cf7a2e') in 0.071741 seconds 
  Import took 0.272651 seconds .

========================================================================
Received Import Request.
  Time since last request: 7.780745 seconds.
  path: Assets/Prefabs/Salmon Dot.prefab
  artifactKey: Guid(36dd259cd9c8b1945aebb47dd0ead3ca) Importer(815301076,1909f56bfc062723c751e8b465ee728b)
Start importing Assets/Prefabs/Salmon Dot.prefab using Guid(36dd259cd9c8b1945aebb47dd0ead3ca) Importer(815301076,1909f56bfc062723c751e8b465ee728b)  -> (artifact id: '574348f24a1d664d0d791dbb97523f6e') in 0.028390 seconds 
  Import took 0.058447 seconds .

========================================================================
Received Import Request.
  Time since last request: 15.364661 seconds.
  path: Assets/Prefabs/Teal Dot.prefab
  artifactKey: Guid(0ce3f6e2fb29e7544b0441176f3ee824) Importer(815301076,1909f56bfc062723c751e8b465ee728b)
Start importing Assets/Prefabs/Teal Dot.prefab using Guid(0ce3f6e2fb29e7544b0441176f3ee824) Importer(815301076,1909f56bfc062723c751e8b465ee728b)  -> (artifact id: '8958cfc8f788a3b07203bbf985d03426') in 0.044887 seconds 
  Import took 0.083415 seconds .

========================================================================
Received Import Request.
  Time since last request: 7.957573 seconds.
  path: Assets/Prefabs/Yellow Dot.prefab
  artifactKey: Guid(f258ab06ccb16474e86d105f44d373fb) Importer(815301076,1909f56bfc062723c751e8b465ee728b)
Start importing Assets/Prefabs/Yellow Dot.prefab using Guid(f258ab06ccb16474e86d105f44d373fb) Importer(815301076,1909f56bfc062723c751e8b465ee728b)  -> (artifact id: 'eac96ca118989d6c43915ab3da9d96f2') in 0.030430 seconds 
  Import took 0.037758 seconds .

========================================================================
Received Import Request.
  Time since last request: 11.940421 seconds.
  path: Assets/Prefabs/Bright Blue Dot.prefab
  artifactKey: Guid(836f18b593a4ba2439ca2d531f0594fd) Importer(815301076,1909f56bfc062723c751e8b465ee728b)
Start importing Assets/Prefabs/Bright Blue Dot.prefab using Guid(836f18b593a4ba2439ca2d531f0594fd) Importer(815301076,1909f56bfc062723c751e8b465ee728b)  -> (artifact id: '6dd9b933b08c0e3bc51fe542b3e2f5cc') in 0.020326 seconds 
  Import took 0.052795 seconds .

========================================================================
Received Import Request.
  Time since last request: 10.738685 seconds.
  path: Assets/Prefabs/Green Dot.prefab
  artifactKey: Guid(f652a84b7b732ed4f9dd3df9ad54113e) Importer(815301076,1909f56bfc062723c751e8b465ee728b)
Start importing Assets/Prefabs/Green Dot.prefab using Guid(f652a84b7b732ed4f9dd3df9ad54113e) Importer(815301076,1909f56bfc062723c751e8b465ee728b)  -> (artifact id: '52d3a8a7e250c310b1d172fab21bd812') in 0.040429 seconds 
  Import took 0.078130 seconds .

========================================================================
Received Import Request.
  Time since last request: 5.323738 seconds.
  path: Assets/Prefabs/Indigo Dot.prefab
  artifactKey: Guid(398e502a1542a714294d7bb290767545) Importer(815301076,1909f56bfc062723c751e8b465ee728b)
Start importing Assets/Prefabs/Indigo Dot.prefab using Guid(398e502a1542a714294d7bb290767545) Importer(815301076,1909f56bfc062723c751e8b465ee728b)  -> (artifact id: '64a567c87aaefd17a090d92dcf3498bf') in 0.028814 seconds 
  Import took 0.057414 seconds .

========================================================================
Received Import Request.
  Time since last request: 10.179209 seconds.
  path: Assets/Prefabs/Light green Dot.prefab
  artifactKey: Guid(d0c2ba395dfb4be408a4b3c9880967e8) Importer(815301076,1909f56bfc062723c751e8b465ee728b)
Start importing Assets/Prefabs/Light green Dot.prefab using Guid(d0c2ba395dfb4be408a4b3c9880967e8) Importer(815301076,1909f56bfc062723c751e8b465ee728b)  -> (artifact id: '376212609cd85bef2d1232125239050c') in 0.034348 seconds 
  Import took 0.065895 seconds .

========================================================================
Received Import Request.
  Time since last request: 4.567669 seconds.
  path: Assets/Prefabs/Mangeta Dot.prefab
  artifactKey: Guid(3b72580d8a731e74baa14e17318234f1) Importer(815301076,1909f56bfc062723c751e8b465ee728b)
Start importing Assets/Prefabs/Mangeta Dot.prefab using Guid(3b72580d8a731e74baa14e17318234f1) Importer(815301076,1909f56bfc062723c751e8b465ee728b)  -> (artifact id: '9d2347b3e150613e18a3c4c0d2009fef') in 0.055983 seconds 
  Import took 0.081802 seconds .

========================================================================
Received Import Request.
  Time since last request: 4.993207 seconds.
  path: Assets/Prefabs/Orange Dot.prefab
  artifactKey: Guid(894f3e89d3788604e9dbc69108bacd1b) Importer(815301076,1909f56bfc062723c751e8b465ee728b)
Start importing Assets/Prefabs/Orange Dot.prefab using Guid(894f3e89d3788604e9dbc69108bacd1b) Importer(815301076,1909f56bfc062723c751e8b465ee728b)  -> (artifact id: '8d7d50585ac3d171fca4e8283c9dd562') in 0.024446 seconds 
  Import took 0.064902 seconds .

========================================================================
Received Import Request.
  Time since last request: 4.214967 seconds.
  path: Assets/Prefabs/Salmon Dot.prefab
  artifactKey: Guid(36dd259cd9c8b1945aebb47dd0ead3ca) Importer(815301076,1909f56bfc062723c751e8b465ee728b)
Start importing Assets/Prefabs/Salmon Dot.prefab using Guid(36dd259cd9c8b1945aebb47dd0ead3ca) Importer(815301076,1909f56bfc062723c751e8b465ee728b)  -> (artifact id: '3746780fd475dd069837e70932402a5a') in 0.020324 seconds 
  Import took 0.027722 seconds .

========================================================================
Received Import Request.
  Time since last request: 8.505699 seconds.
  path: Assets/Prefabs/Teal Dot.prefab
  artifactKey: Guid(0ce3f6e2fb29e7544b0441176f3ee824) Importer(815301076,1909f56bfc062723c751e8b465ee728b)
Start importing Assets/Prefabs/Teal Dot.prefab using Guid(0ce3f6e2fb29e7544b0441176f3ee824) Importer(815301076,1909f56bfc062723c751e8b465ee728b)  -> (artifact id: 'fa6017ceeabc74542ca8807fc36f4908') in 0.027703 seconds 
  Import took 0.077740 seconds .

========================================================================
Received Import Request.
  Time since last request: 4.957507 seconds.
  path: Assets/Prefabs/Yellow Dot.prefab
  artifactKey: Guid(f258ab06ccb16474e86d105f44d373fb) Importer(815301076,1909f56bfc062723c751e8b465ee728b)
Start importing Assets/Prefabs/Yellow Dot.prefab using Guid(f258ab06ccb16474e86d105f44d373fb) Importer(815301076,1909f56bfc062723c751e8b465ee728b)  -> (artifact id: 'c6564e9cd53e312776866a81d912a27d') in 0.022771 seconds 
  Import took 0.089352 seconds .

========================================================================
Received Prepare
Registering precompiled user dll's ...
Registered in 0.012422 seconds.
Begin MonoManager ReloadAssembly
Native extension for WindowsStandalone target not found
Refreshing native plugins compatible for Editor in 0.76 ms, found 3 plugins.
Preloading 0 native plugins for Editor in 0.00 ms.
Mono: successfully reloaded assembly
- Completed reload, in  1.749 seconds
Domain Reload Profiling:
	ReloadAssembly (1750ms)
		BeginReloadAssembly (263ms)
			ExecutionOrderSort (0ms)
			DisableScriptedObjects (16ms)
			BackupInstance (0ms)
			ReleaseScriptingObjects (0ms)
			CreateAndSetChildDomain (61ms)
		EndReloadAssembly (1385ms)
			LoadAssemblies (220ms)
			RebuildTransferFunctionScriptingTraits (0ms)
			SetupTypeCache (492ms)
			ReleaseScriptCaches (1ms)
			RebuildScriptCaches (72ms)
			SetupLoadedEditorAssemblies (477ms)
				LogAssemblyErrors (0ms)
				InitializePlatformSupportModulesInManaged (7ms)
				SetLoadedEditorAssemblies (1ms)
				RefreshPlugins (1ms)
				BeforeProcessingInitializeOnLoad (136ms)
				ProcessInitializeOnLoadAttributes (304ms)
				ProcessInitializeOnLoadMethodAttributes (18ms)
				AfterProcessingInitializeOnLoad (11ms)
				EditorAssembliesLoaded (0ms)
			ExecutionOrderSort2 (0ms)
			AwakeInstancesAfterBackupRestoration (14ms)
Platform modules already initialized, skipping
Refreshing native plugins compatible for Editor in 0.71 ms, found 3 plugins.
Preloading 0 native plugins for Editor in 0.00 ms.
Unloading 2195 Unused Serialized files (Serialized files now loaded: 0)
System memory in use before: 99.0 MB.
System memory in use after: 98.9 MB.

Unloading 24 unused Assets to reduce memory usage. Loaded Objects now: 2636.
Total: 4.860300 ms (FindLiveObjects: 0.257100 ms CreateObjectMapping: 0.217700 ms MarkObjects: 4.210000 ms  DeleteObjects: 0.173200 ms)

AssetImportParameters requested are different than current active one (requested -> active):
  custom:framework-win-MediaFoundation: 216162199b28c13a410421893ffa2e32 -> 
  custom:video-decoder-ogg-theora: a1e56fd34408186e4bbccfd4996cb3dc -> 
  custom:container-muxer-webm: aa71ff27fc2769a1b78a27578f13a17b -> 
  custom:container-demuxer-webm: 4f35f7cbe854078d1ac9338744f61a02 -> 
  custom:container-demuxer-ogg: 62fdf1f143b41e24485cea50d1cbac27 -> 
  custom:video-encoder-webm-vp8: eb34c28f22e8b96e1ab97ce403110664 -> 
  custom:video-decoder-webm-vp8: 9c59270c3fd7afecdb556c50c9e8de78 -> 
  custom:audio-decoder-ogg-vorbis: bf7c407c2cedff20999df2af8eb42d56 -> 
  custom:audio-encoder-webm-vorbis: bf7c407c2cedff20999df2af8eb42d56 -> 
========================================================================
Received Import Request.
  Time since last request: 849.993853 seconds.
  path: Assets/Prefabs/Bright Blue Dot.prefab
  artifactKey: Guid(836f18b593a4ba2439ca2d531f0594fd) Importer(815301076,1909f56bfc062723c751e8b465ee728b)
Start importing Assets/Prefabs/Bright Blue Dot.prefab using Guid(836f18b593a4ba2439ca2d531f0594fd) Importer(815301076,1909f56bfc062723c751e8b465ee728b)  -> (artifact id: '21a5899887b47cc7acc5636f7a1093a2') in 0.177916 seconds 
  Import took 0.209247 seconds .

========================================================================
Received Import Request.
  Time since last request: 0.000328 seconds.
  path: Assets/Prefabs/Green Dot.prefab
  artifactKey: Guid(f652a84b7b732ed4f9dd3df9ad54113e) Importer(815301076,1909f56bfc062723c751e8b465ee728b)
Start importing Assets/Prefabs/Green Dot.prefab using Guid(f652a84b7b732ed4f9dd3df9ad54113e) Importer(815301076,1909f56bfc062723c751e8b465ee728b)  -> (artifact id: 'bf73f03f5b09db692d067603f8775436') in 0.017040 seconds 
  Import took 0.042424 seconds .

========================================================================
Received Import Request.
  Time since last request: 0.000311 seconds.
  path: Assets/Prefabs/Tile Background.prefab
  artifactKey: Guid(f3632338d88946049b666b2e8b60aabb) Importer(815301076,1909f56bfc062723c751e8b465ee728b)
Start importing Assets/Prefabs/Tile Background.prefab using Guid(f3632338d88946049b666b2e8b60aabb) Importer(815301076,1909f56bfc062723c751e8b465ee728b)  -> (artifact id: '39d6311db7561dd333ebff4ef0b6702e') in 0.050524 seconds 
  Import took 0.076734 seconds .

========================================================================
Received Import Request.
  Time since last request: 0.000338 seconds.
  path: Assets/Prefabs/Orange Dot.prefab
  artifactKey: Guid(894f3e89d3788604e9dbc69108bacd1b) Importer(815301076,1909f56bfc062723c751e8b465ee728b)
Start importing Assets/Prefabs/Orange Dot.prefab using Guid(894f3e89d3788604e9dbc69108bacd1b) Importer(815301076,1909f56bfc062723c751e8b465ee728b)  -> (artifact id: '5d630e7a089832d43a3fe7c025423228') in 0.019691 seconds 
  Import took 0.070097 seconds .

========================================================================
Received Import Request.
  Time since last request: 0.000285 seconds.
  path: Assets/Prefabs/Indigo Dot.prefab
  artifactKey: Guid(398e502a1542a714294d7bb290767545) Importer(815301076,1909f56bfc062723c751e8b465ee728b)
Start importing Assets/Prefabs/Indigo Dot.prefab using Guid(398e502a1542a714294d7bb290767545) Importer(815301076,1909f56bfc062723c751e8b465ee728b)  -> (artifact id: 'd6d2e67c4630e56c5a8adf34a6621f48') in 0.019744 seconds 
  Import took 0.037593 seconds .

========================================================================
Received Import Request.
  Time since last request: 0.000379 seconds.
  path: Assets/Prefabs/Salmon Dot.prefab
  artifactKey: Guid(36dd259cd9c8b1945aebb47dd0ead3ca) Importer(815301076,1909f56bfc062723c751e8b465ee728b)
Start importing Assets/Prefabs/Salmon Dot.prefab using Guid(36dd259cd9c8b1945aebb47dd0ead3ca) Importer(815301076,1909f56bfc062723c751e8b465ee728b)  -> (artifact id: 'd7cb8ea9691e4424db3b4dd35e11f053') in 0.023693 seconds 
  Import took 0.133984 seconds .

========================================================================
Received Import Request.
  Time since last request: 0.000372 seconds.
  path: Assets/Prefabs/Teal Dot.prefab
  artifactKey: Guid(0ce3f6e2fb29e7544b0441176f3ee824) Importer(815301076,1909f56bfc062723c751e8b465ee728b)
Start importing Assets/Prefabs/Teal Dot.prefab using Guid(0ce3f6e2fb29e7544b0441176f3ee824) Importer(815301076,1909f56bfc062723c751e8b465ee728b)  -> (artifact id: '3f8fb2899d238f349bb8f59bd07245e1') in 0.014396 seconds 
  Import took 0.041192 seconds .

========================================================================
Received Import Request.
  Time since last request: 0.000541 seconds.
  path: Assets/Prefabs/Mangeta Dot.prefab
  artifactKey: Guid(3b72580d8a731e74baa14e17318234f1) Importer(815301076,1909f56bfc062723c751e8b465ee728b)
Start importing Assets/Prefabs/Mangeta Dot.prefab using Guid(3b72580d8a731e74baa14e17318234f1) Importer(815301076,1909f56bfc062723c751e8b465ee728b)  -> (artifact id: 'ce7d0017e03d1e984e7cc67789001e21') in 0.021839 seconds 
  Import took 0.062625 seconds .

========================================================================
Received Import Request.
  Time since last request: 0.000309 seconds.
  path: Assets/Prefabs/Yellow Dot.prefab
  artifactKey: Guid(f258ab06ccb16474e86d105f44d373fb) Importer(815301076,1909f56bfc062723c751e8b465ee728b)
Start importing Assets/Prefabs/Yellow Dot.prefab using Guid(f258ab06ccb16474e86d105f44d373fb) Importer(815301076,1909f56bfc062723c751e8b465ee728b)  -> (artifact id: '9d46a43ee6b000e76cd9cadf0e9ba825') in 0.018682 seconds 
  Import took 0.025043 seconds .

========================================================================
Received Prepare
Registering precompiled user dll's ...
Registered in 0.007149 seconds.
Begin MonoManager ReloadAssembly
Native extension for WindowsStandalone target not found
Refreshing native plugins compatible for Editor in 0.67 ms, found 3 plugins.
Preloading 0 native plugins for Editor in 0.00 ms.
Mono: successfully reloaded assembly
- Completed reload, in  1.634 seconds
Domain Reload Profiling:
	ReloadAssembly (1635ms)
		BeginReloadAssembly (176ms)
			ExecutionOrderSort (0ms)
			DisableScriptedObjects (10ms)
			BackupInstance (0ms)
			ReleaseScriptingObjects (0ms)
			CreateAndSetChildDomain (48ms)
		EndReloadAssembly (1346ms)
			LoadAssemblies (159ms)
			RebuildTransferFunctionScriptingTraits (0ms)
			SetupTypeCache (474ms)
			ReleaseScriptCaches (1ms)
			RebuildScriptCaches (74ms)
			SetupLoadedEditorAssemblies (491ms)
				LogAssemblyErrors (0ms)
				InitializePlatformSupportModulesInManaged (7ms)
				SetLoadedEditorAssemblies (1ms)
				RefreshPlugins (1ms)
				BeforeProcessingInitializeOnLoad (137ms)
				ProcessInitializeOnLoadAttributes (317ms)
				ProcessInitializeOnLoadMethodAttributes (18ms)
				AfterProcessingInitializeOnLoad (10ms)
				EditorAssembliesLoaded (0ms)
			ExecutionOrderSort2 (0ms)
			AwakeInstancesAfterBackupRestoration (15ms)
Platform modules already initialized, skipping
Refreshing native plugins compatible for Editor in 0.70 ms, found 3 plugins.
Preloading 0 native plugins for Editor in 0.00 ms.
Unloading 2195 Unused Serialized files (Serialized files now loaded: 0)
System memory in use before: 99.0 MB.
System memory in use after: 99.0 MB.

Unloading 23 unused Assets to reduce memory usage. Loaded Objects now: 2639.
Total: 4.843800 ms (FindLiveObjects: 0.277100 ms CreateObjectMapping: 0.220500 ms MarkObjects: 4.170100 ms  DeleteObjects: 0.174400 ms)

AssetImportParameters requested are different than current active one (requested -> active):
  custom:framework-win-MediaFoundation: 216162199b28c13a410421893ffa2e32 -> 
  custom:video-decoder-ogg-theora: a1e56fd34408186e4bbccfd4996cb3dc -> 
  custom:container-muxer-webm: aa71ff27fc2769a1b78a27578f13a17b -> 
  custom:container-demuxer-webm: 4f35f7cbe854078d1ac9338744f61a02 -> 
  custom:container-demuxer-ogg: 62fdf1f143b41e24485cea50d1cbac27 -> 
  custom:video-encoder-webm-vp8: eb34c28f22e8b96e1ab97ce403110664 -> 
  custom:video-decoder-webm-vp8: 9c59270c3fd7afecdb556c50c9e8de78 -> 
  custom:audio-decoder-ogg-vorbis: bf7c407c2cedff20999df2af8eb42d56 -> 
  custom:audio-encoder-webm-vorbis: bf7c407c2cedff20999df2af8eb42d56 -> 
AssetImportWorkerClient::OnTransportError - code=2 error=End of file
